[
token=START, SymboltablePos=-1, 
token={, SymboltablePos=-1, 
token=NUMBER, SymboltablePos=-1, 
token=:, SymboltablePos=-1, 
token=id, SymboltablePos=19, 
token=,, SymboltablePos=-1, 
token=id, SymboltablePos=20, 
token=,, SymboltablePos=-1, 
token=id, SymboltablePos=21, 
token=;, SymboltablePos=-1, 
token=INPUT, SymboltablePos=-1, 
token=id, SymboltablePos=19, 
token=;, SymboltablePos=-1, 
token=INPUT, SymboltablePos=-1, 
token=id, SymboltablePos=20, 
token=;, SymboltablePos=-1, 
token=INPUT, SymboltablePos=-1, 
token=id, SymboltablePos=21, 
token=;, SymboltablePos=-1, 
token=NUMBER, SymboltablePos=-1, 
token=:, SymboltablePos=-1, 
token=id, SymboltablePos=38, 
token=;, SymboltablePos=-1, 
token=id, SymboltablePos=38, 
token=<-, SymboltablePos=-1, 
token=constant, SymboltablePos=48, 
token=;, SymboltablePos=-1, 
token=id, SymboltablePos=38, 
token=<-, SymboltablePos=-1, 
token=id, SymboltablePos=19, 
token=+, SymboltablePos=-1, 
token=id, SymboltablePos=20, 
token=+, SymboltablePos=-1, 
token=id, SymboltablePos=21, 
token=;, SymboltablePos=-1, 
token=}, SymboltablePos=-1, 
token=END, SymboltablePos=-1, 
token=, SymboltablePos=-1, 
token=, SymboltablePos=-1, 
token=, SymboltablePos=-1, 
token=, SymboltablePos=-1]